2024-06-19 14:45:07 Produced message on topic sentences with value of {"sentence": "The habitual colorlessness steals colonisation."}

2024-06-19 14:45:08 Produced message on topic sentences with value of {"sentence": "The crabby patio charts rank."}

2024-06-19 14:45:09 Produced message on topic sentences with value of {"sentence": "The nutty colleague communicates feature."}

2024-06-19 14:45:10 Produced message on topic sentences with value of {"sentence": "The spectacular stalk flashes epauliere."}

2024-06-19 14:45:11 Produced message on topic sentences with value of {"sentence": "The stingy resolution endures dessert."}

2024-06-19 14:45:12 Produced message on topic sentences with value of {"sentence": "The healthy inch eats jackfruit."}

2024-06-19 14:45:13 Produced message on topic sentences with value of {"sentence": "The hellish typeface plugs source."}

2024-06-19 14:45:14 Produced message on topic sentences with value of {"sentence": "The tearful osmosis matches centurion."}

2024-06-19 14:45:15 Produced message on topic sentences with value of {"sentence": "The hypnotic plaintiff thrusts quince."}

2024-06-19 14:45:16 Produced message on topic sentences with value of {"sentence": "The rightful health-care awakes coil."}

2024-06-19 14:45:18 Produced message on topic sentences with value of {"sentence": "The alive rubric navigates biplane."}

2024-06-19 14:45:19 Produced message on topic sentences with value of {"sentence": "The shocking mangle withstands cleft."}

2024-06-19 14:45:20 Produced message on topic sentences with value of {"sentence": "The dangerous seminar drives tuition."}

2024-06-19 14:45:21 Produced message on topic sentences with value of {"sentence": "The youthful release tips sophomore."}

2024-06-19 14:45:22 Produced message on topic sentences with value of {"sentence": "The rapid troop heats observatory."}

2024-06-19 14:45:23 Produced message on topic sentences with value of {"sentence": "The obsequious subgroup knots schema."}

2024-06-19 14:45:24 Produced message on topic sentences with value of {"sentence": "The colorful loop awakes distributor."}

2024-06-19 14:45:25 Produced message on topic sentences with value of {"sentence": "The noiseless garage buys robe."}

2024-06-19 14:45:26 Produced message on topic sentences with value of {"sentence": "The terrible training holds bid."}

2024-06-19 14:45:27 Produced message on topic sentences with value of {"sentence": "The materialistic capital rules surface."}

2024-06-19 14:45:28 Produced message on topic sentences with value of {"sentence": "The steadfast grandma presents strip."}

2024-06-19 14:45:29 Produced message on topic sentences with value of {"sentence": "The symptomatic relay parts believer."}

2024-06-19 14:45:30 Produced message on topic sentences with value of {"sentence": "The rightful stain decorates disarmament."}

2024-06-19 14:45:31 Produced message on topic sentences with value of {"sentence": "The clean fiery services caftan."}

2024-06-19 14:45:32 Produced message on topic sentences with value of {"sentence": "The shocking hostess acquires legend."}

2024-06-19 14:45:33 Produced message on topic sentences with value of {"sentence": "The minor fold changes question."}

2024-06-19 14:45:34 Produced message on topic sentences with value of {"sentence": "The grumpy timbale makes grandmother."}

2024-06-19 14:45:35 Produced message on topic sentences with value of {"sentence": "The proud shape breathes dip."}

2024-06-19 14:45:36 Produced message on topic sentences with value of {"sentence": "The aquatic fort symbolizes beret."}

2024-06-19 14:45:37 Produced message on topic sentences with value of {"sentence": "The disagreeable scientist shuts gall-bladder."}

2024-06-19 14:45:38 Produced message on topic sentences with value of {"sentence": "The distinct profession pumps comics."}

2024-06-19 14:45:39 Produced message on topic sentences with value of {"sentence": "The sweltering hydrolyse pays bonding."}

2024-06-19 14:45:40 Produced message on topic sentences with value of {"sentence": "The pumped fluke recognizes dead."}

2024-06-19 14:45:41 Produced message on topic sentences with value of {"sentence": "The educated estate appears beet."}

2024-06-19 14:45:42 Produced message on topic sentences with value of {"sentence": "The volatile filly begins bob."}

2024-06-19 14:45:43 Produced message on topic sentences with value of {"sentence": "The profuse position squeaks community."}

2024-06-19 14:45:44 Produced message on topic sentences with value of {"sentence": "The shaggy dearest welcomes movement."}

2024-06-19 14:45:45 Produced message on topic sentences with value of {"sentence": "The ripe android deceives subprime."}

2024-06-19 14:45:46 Produced message on topic sentences with value of {"sentence": "The wacky tender suggests hype."}

2024-06-19 14:45:47 Produced message on topic sentences with value of {"sentence": "The wealthy wrapper ruins grandmother."}

2024-06-19 14:45:49 Produced message on topic sentences with value of {"sentence": "The evasive almond institutes leather."}

2024-06-19 14:45:50 Produced message on topic sentences with value of {"sentence": "The ambiguous antiquity produces mineral."}

2024-06-19 14:45:51 Produced message on topic sentences with value of {"sentence": "The homely lady stings head."}

2024-06-19 14:45:52 Produced message on topic sentences with value of {"sentence": "The depressed hope analyzes endive."}

2024-06-19 14:45:53 Produced message on topic sentences with value of {"sentence": "The auspicious discretion straps meantime."}

2024-06-19 14:45:54 Produced message on topic sentences with value of {"sentence": "The dazzling longboat folds continuity."}

2024-06-19 14:45:55 Produced message on topic sentences with value of {"sentence": "The telling cloves unites tilt."}

2024-06-19 14:45:56 Produced message on topic sentences with value of {"sentence": "The charming airport fades illustration."}

2024-06-19 14:45:57 Produced message on topic sentences with value of {"sentence": "The jumpy hybridization comes program."}

2024-06-19 14:45:58 Produced message on topic sentences with value of {"sentence": "The mammoth contingency renders cradle."}

2024-06-19 14:45:59 Produced message on topic sentences with value of {"sentence": "The clammy potty dances minor."}

2024-06-19 14:46:00 Produced message on topic sentences with value of {"sentence": "The tacit yoyo bounces invasion."}

2024-06-19 14:46:01 Produced message on topic sentences with value of {"sentence": "The torpid petticoat tricks morbidity."}

2024-06-19 14:46:02 Produced message on topic sentences with value of {"sentence": "The fine reference heats dozen."}

2024-06-19 14:46:03 Produced message on topic sentences with value of {"sentence": "The fancy motion undertakes antibody."}

2024-06-19 14:46:04 Produced message on topic sentences with value of {"sentence": "The lucky place applauds hatred."}

2024-06-19 14:46:05 Produced message on topic sentences with value of {"sentence": "The absorbing tangerine arises dollop."}

2024-06-19 14:46:06 Produced message on topic sentences with value of {"sentence": "The nutty anterior signs coke."}

2024-06-19 14:46:07 Produced message on topic sentences with value of {"sentence": "The odd analog blinds pith."}

2024-06-19 14:46:08 Produced message on topic sentences with value of {"sentence": "The irate instrumentation satisfies noise."}

2024-06-19 14:46:09 Produced message on topic sentences with value of {"sentence": "The wealthy movie works abacus."}

2024-06-19 14:46:10 Produced message on topic sentences with value of {"sentence": "The slow compliance acteds jellyfish."}

2024-06-19 14:46:11 Produced message on topic sentences with value of {"sentence": "The homely spork suspects meter."}

2024-06-19 14:46:12 Produced message on topic sentences with value of {"sentence": "The pathetic courthouse kneels cashew."}

2024-06-19 14:46:13 Produced message on topic sentences with value of {"sentence": "The tasteless stacking spins batting."}

2024-06-19 14:46:14 Produced message on topic sentences with value of {"sentence": "The flashy sturgeon pleads elderberry."}

2024-06-19 14:46:15 Produced message on topic sentences with value of {"sentence": "The nutty snowboarding scatters ischemia."}

2024-06-19 14:46:16 Produced message on topic sentences with value of {"sentence": "The likeable refrigerator disagrees buckwheat."}

2024-06-19 14:46:17 Produced message on topic sentences with value of {"sentence": "The alleged dude pedals ladle."}

2024-06-19 14:46:18 Produced message on topic sentences with value of {"sentence": "The learned gender attracts elver."}

2024-06-19 14:46:20 Produced message on topic sentences with value of {"sentence": "The dizzy carrot retrieves hubris."}

2024-06-19 14:46:21 Produced message on topic sentences with value of {"sentence": "The axiomatic tech types ankle."}

2024-06-19 14:46:22 Produced message on topic sentences with value of {"sentence": "The gentle gym opens wheel."}

2024-06-19 14:46:23 Produced message on topic sentences with value of {"sentence": "The greedy puppet coughs conspirator."}

2024-06-19 14:46:24 Produced message on topic sentences with value of {"sentence": "The talented thanks grates stepdaughter."}

2024-06-19 14:46:25 Produced message on topic sentences with value of {"sentence": "The aggressive cornet restoreds shipper."}

2024-06-19 14:46:26 Produced message on topic sentences with value of {"sentence": "The educated detention deals deduce."}

2024-06-19 14:46:27 Produced message on topic sentences with value of {"sentence": "The scarce naturalisation rides county."}

2024-06-19 14:46:28 Produced message on topic sentences with value of {"sentence": "The decorous veal kills igloo."}

2024-06-19 14:46:29 Produced message on topic sentences with value of {"sentence": "The dirty ethernet acteds coincidence."}

2024-06-19 14:46:30 Produced message on topic sentences with value of {"sentence": "The muddy yesterday buries macaroni."}

2024-06-19 14:46:31 Produced message on topic sentences with value of {"sentence": "The royal psychoanalyst soothsays collection."}

2024-06-19 14:46:32 Produced message on topic sentences with value of {"sentence": "The dysfunctional scripture maintains census."}

2024-06-19 14:46:33 Produced message on topic sentences with value of {"sentence": "The clean purse overtakes significance."}

2024-06-19 14:46:34 Produced message on topic sentences with value of {"sentence": "The economic correspondent fits ginger."}

2024-06-19 14:46:35 Produced message on topic sentences with value of {"sentence": "The gaudy milepost explains wrecker."}

2024-06-19 14:46:36 Produced message on topic sentences with value of {"sentence": "The dizzy screw-up arrests embellishment."}

2024-06-19 14:46:37 Produced message on topic sentences with value of {"sentence": "The absorbing story-telling navigates million."}

2024-06-19 14:46:38 Produced message on topic sentences with value of {"sentence": "The late haversack hurts suck."}

2024-06-19 14:46:39 Produced message on topic sentences with value of {"sentence": "The grouchy zampone beholds accuracy."}

2024-06-19 14:46:40 Produced message on topic sentences with value of {"sentence": "The exultant menu mates pot."}

2024-06-19 14:46:41 Produced message on topic sentences with value of {"sentence": "The sulky particular flows file."}

2024-06-19 14:46:42 Produced message on topic sentences with value of {"sentence": "The quickest guacamole lightens stepson."}

2024-06-19 14:46:43 Produced message on topic sentences with value of {"sentence": "The gifted morale guides acquisition."}

2024-06-19 14:46:44 Produced message on topic sentences with value of {"sentence": "The quizzical unit copies breath."}

2024-06-19 14:46:45 Produced message on topic sentences with value of {"sentence": "The devilish vampire engineers audit."}

2024-06-19 14:46:46 Produced message on topic sentences with value of {"sentence": "The few wood waters unemployment."}

2024-06-19 14:46:47 Produced message on topic sentences with value of {"sentence": "The dispensable autoimmunity dresses mycoplasma."}

2024-06-19 14:46:48 Produced message on topic sentences with value of {"sentence": "The colorful hearth editeds desk."}

2024-06-19 14:46:49 Produced message on topic sentences with value of {"sentence": "The guarded barracks spreads parka."}

2024-06-19 14:46:50 Produced message on topic sentences with value of {"sentence": "The stereotyped veil endures mortality."}

2024-06-19 14:46:51 Produced message on topic sentences with value of {"sentence": "The shocking router logs genie."}

2024-06-19 14:46:52 Produced message on topic sentences with value of {"sentence": "The recondite lentil cheers crewmate."}

2024-06-19 14:46:53 Produced message on topic sentences with value of {"sentence": "The flashy captain earns crystal."}

2024-06-19 14:46:54 Produced message on topic sentences with value of {"sentence": "The mighty incandescence builds quote."}

2024-06-19 14:46:55 Produced message on topic sentences with value of {"sentence": "The gaping leaver smells fascia."}

2024-06-19 14:46:57 Produced message on topic sentences with value of {"sentence": "The evanescent definition sneezes tights."}

2024-06-19 14:46:58 Produced message on topic sentences with value of {"sentence": "The tawdry c-clamp grates light."}

2024-06-19 14:46:59 Produced message on topic sentences with value of {"sentence": "The available standardization simplifies minute."}

2024-06-19 14:47:00 Produced message on topic sentences with value of {"sentence": "The willing futon tutors prize."}

2024-06-19 14:47:01 Produced message on topic sentences with value of {"sentence": "The statuesque spud predicts tell."}

2024-06-19 14:47:02 Produced message on topic sentences with value of {"sentence": "The hurt something regulates conifer."}

2024-06-19 14:47:03 Produced message on topic sentences with value of {"sentence": "The available catcher ignores ideal."}

2024-06-19 14:47:04 Produced message on topic sentences with value of {"sentence": "The crooked earplug expands outlaw."}

2024-06-19 14:47:05 Produced message on topic sentences with value of {"sentence": "The neighborly gearshift wonders digger."}

2024-06-19 14:47:06 Produced message on topic sentences with value of {"sentence": "The expensive compassionate punctures hiring."}

2024-06-19 14:47:07 Produced message on topic sentences with value of {"sentence": "The royal digger jams jungle."}

2024-06-19 14:47:08 Produced message on topic sentences with value of {"sentence": "The tender nudge kills reciprocity."}

2024-06-19 14:47:09 Produced message on topic sentences with value of {"sentence": "The lacking sensitive rejects scaffold."}

2024-06-19 14:47:10 Produced message on topic sentences with value of {"sentence": "The absorbed tummy deceives tutu."}

2024-06-19 14:47:11 Produced message on topic sentences with value of {"sentence": "The judicious poor saws admire."}

2024-06-19 14:47:12 Produced message on topic sentences with value of {"sentence": "The charming armoire heaps collar."}

2024-06-19 14:47:13 Produced message on topic sentences with value of {"sentence": "The bawdy wraparound instructs fragrance."}

2024-06-19 14:47:14 Produced message on topic sentences with value of {"sentence": "The aberrant lox provides myth."}

2024-06-19 14:47:15 Produced message on topic sentences with value of {"sentence": "The sharp working heaps abuse."}

2024-06-19 14:47:16 Produced message on topic sentences with value of {"sentence": "The kind volume borrows chafe."}

2024-06-19 14:47:17 Produced message on topic sentences with value of {"sentence": "The real plumber wastes trout."}

2024-06-19 14:47:18 Produced message on topic sentences with value of {"sentence": "The nappy neighbour maps embryo."}

2024-06-19 14:47:19 Produced message on topic sentences with value of {"sentence": "The volatile trade surrounds pressurization."}

2024-06-19 14:47:20 Produced message on topic sentences with value of {"sentence": "The relieved romaine prepares transition."}

2024-06-19 14:47:21 Produced message on topic sentences with value of {"sentence": "The disgusted suspect renders dill."}

2024-06-19 14:47:22 Produced message on topic sentences with value of {"sentence": "The gorgeous CD clarifies middleman."}

2024-06-19 14:47:23 Produced message on topic sentences with value of {"sentence": "The difficult best-seller eats shear."}

2024-06-19 14:47:24 Produced message on topic sentences with value of {"sentence": "The materialistic whisper exercises jade."}

2024-06-19 14:47:25 Produced message on topic sentences with value of {"sentence": "The chubby buyer cracks forager."}

2024-06-19 14:47:26 Produced message on topic sentences with value of {"sentence": "The teeny-tiny octave guides pair."}

2024-06-19 14:47:27 Produced message on topic sentences with value of {"sentence": "The questionable charlatan logs infection."}

2024-06-19 14:47:28 Produced message on topic sentences with value of {"sentence": "The faded machine realizes representation."}

2024-06-19 14:47:29 Produced message on topic sentences with value of {"sentence": "The nosy prosperity sails justification."}

2024-06-19 14:47:30 Produced message on topic sentences with value of {"sentence": "The habitual critic explodes variety."}

2024-06-19 14:47:32 Produced message on topic sentences with value of {"sentence": "The funny background likes witch."}

2024-06-19 14:47:33 Produced message on topic sentences with value of {"sentence": "The wide-eyed substance designs menorah."}

2024-06-19 14:47:34 Produced message on topic sentences with value of {"sentence": "The absent drawer restoreds circumference."}

2024-06-19 14:47:35 Produced message on topic sentences with value of {"sentence": "The annoyed carol satisfies direction."}

2024-06-19 14:47:36 Produced message on topic sentences with value of {"sentence": "The vulgar memo undertakes solidity."}

2024-06-19 14:47:37 Produced message on topic sentences with value of {"sentence": "The didactic tambourine interviews former."}

2024-06-19 14:47:38 Produced message on topic sentences with value of {"sentence": "The icky lookout normalizes pilot."}

2024-06-19 14:47:39 Produced message on topic sentences with value of {"sentence": "The lacking speakerphone lists unibody."}

2024-06-19 14:47:40 Produced message on topic sentences with value of {"sentence": "The cautious season leads occurrence."}

2024-06-19 14:47:41 Produced message on topic sentences with value of {"sentence": "The absent maracas attaches department."}

2024-06-19 14:47:42 Produced message on topic sentences with value of {"sentence": "The shaggy housing taps syndicate."}

2024-06-19 14:47:43 Produced message on topic sentences with value of {"sentence": "The lowly campanile stares mathematics."}

2024-06-19 14:47:44 Produced message on topic sentences with value of {"sentence": "The plastic hundred escapes conga."}

2024-06-19 14:47:45 Produced message on topic sentences with value of {"sentence": "The big motel delights bug."}

2024-06-19 14:47:46 Produced message on topic sentences with value of {"sentence": "The earthy replication rolls rhubarb."}

2024-06-19 14:47:47 Produced message on topic sentences with value of {"sentence": "The flagrant distribution arrests rutabaga."}

2024-06-19 14:47:48 Produced message on topic sentences with value of {"sentence": "The swanky charger cycles feedback."}

2024-06-19 14:47:49 Produced message on topic sentences with value of {"sentence": "The grieving moment rubs kielbasa."}

2024-06-19 14:47:50 Produced message on topic sentences with value of {"sentence": "The halting tuba scribbles fascia."}

2024-06-19 14:47:51 Produced message on topic sentences with value of {"sentence": "The immense replication passes bunch."}

2024-06-19 14:47:52 Produced message on topic sentences with value of {"sentence": "The impossible institution stains glory."}

2024-06-19 14:47:53 Produced message on topic sentences with value of {"sentence": "The inexpensive crust sparkles trapezium."}

2024-06-19 14:47:54 Produced message on topic sentences with value of {"sentence": "The ubiquitous excerpt busts engineering."}

2024-06-19 14:47:55 Produced message on topic sentences with value of {"sentence": "The wretched controller consolidates barge."}

2024-06-19 14:47:56 Produced message on topic sentences with value of {"sentence": "The venomous alarm orienteds special."}

2024-06-19 14:47:57 Produced message on topic sentences with value of {"sentence": "The thirsty exposition advises bassinet."}

2024-06-19 14:47:58 Produced message on topic sentences with value of {"sentence": "The fancy arthur borrows lane."}

2024-06-19 14:47:59 Produced message on topic sentences with value of {"sentence": "The robust transfer combs julienne."}

2024-06-19 14:48:01 Produced message on topic sentences with value of {"sentence": "The adorable guava chokes plantation."}

2024-06-19 14:48:02 Produced message on topic sentences with value of {"sentence": "The ugliest bedroom sucks pecan."}

2024-06-19 14:48:03 Produced message on topic sentences with value of {"sentence": "The overt optimization pushes mustache."}

2024-06-19 14:48:04 Produced message on topic sentences with value of {"sentence": "The illegal temple peels feast."}

2024-06-19 14:48:05 Produced message on topic sentences with value of {"sentence": "The doubtful quotation critiques node."}

2024-06-19 14:48:06 Produced message on topic sentences with value of {"sentence": "The frantic major designs antecedent."}

2024-06-19 14:48:07 Produced message on topic sentences with value of {"sentence": "The relieved transit swims eyeliner."}

2024-06-19 14:48:08 Produced message on topic sentences with value of {"sentence": "The cooperative outside disproves raccoon."}

2024-06-19 14:48:09 Produced message on topic sentences with value of {"sentence": "The bitter loggia rejects wheat."}

2024-06-19 14:48:10 Produced message on topic sentences with value of {"sentence": "The jittery need sows tract."}

2024-06-19 14:48:11 Produced message on topic sentences with value of {"sentence": "The aquatic boxspring objects confusion."}

2024-06-19 14:48:12 Produced message on topic sentences with value of {"sentence": "The knotty flexibility acquires surroundings."}

2024-06-19 14:48:13 Produced message on topic sentences with value of {"sentence": "The tawdry invention puts weed."}

2024-06-19 14:48:14 Produced message on topic sentences with value of {"sentence": "The numberless sitar longs jiffy."}

2024-06-19 14:48:15 Produced message on topic sentences with value of {"sentence": "The red blood explodes dish."}

2024-06-19 14:48:16 Produced message on topic sentences with value of {"sentence": "The loud fill lays gamma-ray."}

2024-06-19 14:48:17 Produced message on topic sentences with value of {"sentence": "The faulty digging pokes customer."}

2024-06-19 14:48:18 Produced message on topic sentences with value of {"sentence": "The guiltless ascent trades ziggurat."}

2024-06-19 14:48:19 Produced message on topic sentences with value of {"sentence": "The lopsided reluctance spits buyer."}

2024-06-19 14:48:20 Produced message on topic sentences with value of {"sentence": "The telling variable zips memory."}

2024-06-19 14:48:21 Produced message on topic sentences with value of {"sentence": "The jaded timer scolds contact lens."}

2024-06-19 14:48:22 Produced message on topic sentences with value of {"sentence": "The massive wetsuit shows birdcage."}

2024-06-19 14:48:23 Produced message on topic sentences with value of {"sentence": "The nebulous water promises rhinoceros."}

2024-06-19 14:48:24 Produced message on topic sentences with value of {"sentence": "The imported wriggler rings profession."}

2024-06-19 14:48:25 Produced message on topic sentences with value of {"sentence": "The garrulous allowance responds matrix."}

2024-06-19 14:48:26 Produced message on topic sentences with value of {"sentence": "The narrow trap washes paper."}

2024-06-19 14:48:27 Produced message on topic sentences with value of {"sentence": "The alive dynamics evaluates orangutan."}

2024-06-19 14:48:28 Produced message on topic sentences with value of {"sentence": "The soggy tank-top consults icebreaker."}

2024-06-19 14:48:29 Produced message on topic sentences with value of {"sentence": "The huge hiccups dresses tributary."}

2024-06-19 14:48:30 Produced message on topic sentences with value of {"sentence": "The proud funding unifies reinscription."}

2024-06-19 14:48:31 Produced message on topic sentences with value of {"sentence": "The parched side marks trove."}

2024-06-19 14:48:33 Produced message on topic sentences with value of {"sentence": "The deafening redesign loses connotation."}

2024-06-19 14:48:34 Produced message on topic sentences with value of {"sentence": "The clumsy bowler heats contour."}

2024-06-19 14:48:35 Produced message on topic sentences with value of {"sentence": "The rhetorical tab anticipates solidarity."}

2024-06-19 14:48:36 Produced message on topic sentences with value of {"sentence": "The vast last talks country."}

2024-06-19 14:48:37 Produced message on topic sentences with value of {"sentence": "The stupid dumbwaiter memorizes glee."}

2024-06-19 14:48:38 Produced message on topic sentences with value of {"sentence": "The delicious farrow creeps omission."}

2024-06-19 14:48:39 Produced message on topic sentences with value of {"sentence": "The excited presume thinks cartel."}

2024-06-19 14:48:40 Produced message on topic sentences with value of {"sentence": "The acceptable celebrity bombs agent."}

2024-06-19 14:48:41 Produced message on topic sentences with value of {"sentence": "The overconfident beneficiary disproves good."}

2024-06-19 14:48:42 Produced message on topic sentences with value of {"sentence": "The beautiful trout presets construction."}

2024-06-19 14:48:43 Produced message on topic sentences with value of {"sentence": "The damaging reluctance opens sculpture."}

2024-06-19 14:48:44 Produced message on topic sentences with value of {"sentence": "The illustrious casket cares twist."}

2024-06-19 14:48:45 Produced message on topic sentences with value of {"sentence": "The spurious discharge abides running."}

2024-06-19 14:48:46 Produced message on topic sentences with value of {"sentence": "The premium yeast combs back-up."}

2024-06-19 14:48:47 Produced message on topic sentences with value of {"sentence": "The strange dining places gran."}

2024-06-19 14:48:48 Produced message on topic sentences with value of {"sentence": "The telling experience modifies jewellery."}

2024-06-19 14:48:49 Produced message on topic sentences with value of {"sentence": "The brash beach throws force."}

2024-06-19 14:48:50 Produced message on topic sentences with value of {"sentence": "The evanescent condition eats pounding."}

2024-06-19 14:48:51 Produced message on topic sentences with value of {"sentence": "The handsome lace divides emergency."}

2024-06-19 14:48:52 Produced message on topic sentences with value of {"sentence": "The abrupt boot secures aglet."}

2024-06-19 14:48:53 Produced message on topic sentences with value of {"sentence": "The entertaining hint loads seizure."}

2024-06-19 14:48:54 Produced message on topic sentences with value of {"sentence": "The grumpy offense kneels zucchini."}

2024-06-19 14:48:55 Produced message on topic sentences with value of {"sentence": "The dry behest signals winter."}

2024-06-19 14:48:56 Produced message on topic sentences with value of {"sentence": "The oafish guava peels sport."}

2024-06-19 14:48:57 Produced message on topic sentences with value of {"sentence": "The obeisant wake models ostrich."}

2024-06-19 14:48:58 Produced message on topic sentences with value of {"sentence": "The erratic yahoo distributes display."}

2024-06-19 14:48:59 Produced message on topic sentences with value of {"sentence": "The reminiscent senate weighs nutmeg."}

2024-06-19 14:49:00 Produced message on topic sentences with value of {"sentence": "The cagey shipping welcomes regime."}

2024-06-19 14:49:01 Produced message on topic sentences with value of {"sentence": "The smiling participation walks cottage."}

2024-06-19 14:49:02 Produced message on topic sentences with value of {"sentence": "The lavish transcript catches codon."}

2024-06-19 14:49:04 Produced message on topic sentences with value of {"sentence": "The utopian jug sorts tofu."}

2024-06-19 14:49:05 Produced message on topic sentences with value of {"sentence": "The dapper possession films act."}

2024-06-19 14:49:06 Produced message on topic sentences with value of {"sentence": "The whispering press occurs decimal."}

2024-06-19 14:49:07 Produced message on topic sentences with value of {"sentence": "The bad cymbal explodes boulder."}

2024-06-19 14:49:08 Produced message on topic sentences with value of {"sentence": "The gullible cousin squeals necklace."}

2024-06-19 14:49:09 Produced message on topic sentences with value of {"sentence": "The teeny castle steps rust."}

2024-06-19 14:49:10 Produced message on topic sentences with value of {"sentence": "The jittery name sinks surroundings."}

2024-06-19 14:49:11 Produced message on topic sentences with value of {"sentence": "The naughty frame squeezes scholarship."}

2024-06-19 14:49:12 Produced message on topic sentences with value of {"sentence": "The callous jumpsuit relaxes moron."}

2024-06-19 14:49:13 Produced message on topic sentences with value of {"sentence": "The wretched colonialism means domain."}

2024-06-19 14:49:14 Produced message on topic sentences with value of {"sentence": "The habitual pricing studies consequence."}

2024-06-19 14:49:15 Produced message on topic sentences with value of {"sentence": "The instinctive essence shares stepson."}

2024-06-19 14:49:16 Produced message on topic sentences with value of {"sentence": "The lavish modeling treats pelt."}

2024-06-19 14:49:17 Produced message on topic sentences with value of {"sentence": "The unbecoming tub pours printer."}

2024-06-19 14:49:18 Produced message on topic sentences with value of {"sentence": "The cute coordinator eats salsa."}

2024-06-19 14:49:19 Produced message on topic sentences with value of {"sentence": "The pretty musculature broadcasts compass."}

2024-06-19 14:49:20 Produced message on topic sentences with value of {"sentence": "The plucky bibliography increases injustice."}

2024-06-19 14:49:21 Produced message on topic sentences with value of {"sentence": "The optimal chili types divide."}

2024-06-19 14:49:22 Produced message on topic sentences with value of {"sentence": "The pleasant paperback walks regulation."}

2024-06-19 14:49:23 Produced message on topic sentences with value of {"sentence": "The aggressive skywalk employs guilder."}

2024-06-19 14:49:24 Produced message on topic sentences with value of {"sentence": "The old-fashioned boudoir waits lily."}

2024-06-19 14:49:25 Produced message on topic sentences with value of {"sentence": "The tearful inevitable corrects clogs."}

2024-06-19 14:49:26 Produced message on topic sentences with value of {"sentence": "The taboo caravan stirs instinct."}

2024-06-19 14:49:27 Produced message on topic sentences with value of {"sentence": "The nonchalant astrakhan markets comportment."}

2024-06-19 14:49:28 Produced message on topic sentences with value of {"sentence": "The rich girl spells satire."}

2024-06-19 14:49:29 Produced message on topic sentences with value of {"sentence": "The courageous tablecloth recruits self-esteem."}

2024-06-19 14:49:30 Produced message on topic sentences with value of {"sentence": "The aware colorlessness achieves diffuse."}

2024-06-19 14:49:31 Produced message on topic sentences with value of {"sentence": "The fresh return stirs handrail."}

2024-06-19 14:49:32 Produced message on topic sentences with value of {"sentence": "The tested snuck responds manufacturer."}

2024-06-19 14:49:33 Produced message on topic sentences with value of {"sentence": "The temporary octet nods tell."}

2024-06-19 14:49:34 Produced message on topic sentences with value of {"sentence": "The permissible status earns initial."}

2024-06-19 14:49:35 Produced message on topic sentences with value of {"sentence": "The deranged waiting belongs share."}

2024-06-19 14:49:36 Produced message on topic sentences with value of {"sentence": "The understood inch reduces widget."}

2024-06-19 14:49:37 Produced message on topic sentences with value of {"sentence": "The blushing bellows boasts collection."}

2024-06-19 14:49:38 Produced message on topic sentences with value of {"sentence": "The foolish bangle arbitrates cabinet."}

2024-06-19 14:49:39 Produced message on topic sentences with value of {"sentence": "The broad self-control shears vacuum."}

2024-06-19 14:49:40 Produced message on topic sentences with value of {"sentence": "The nappy resale gos rayon."}

2024-06-19 14:49:42 Produced message on topic sentences with value of {"sentence": "The reflective riot stains chino."}

2024-06-19 14:49:43 Produced message on topic sentences with value of {"sentence": "The hulking migrant gos pinto."}

2024-06-19 14:49:44 Produced message on topic sentences with value of {"sentence": "The annoying vegetable contracts butterfly."}

2024-06-19 14:49:45 Produced message on topic sentences with value of {"sentence": "The aspiring pod reproduces sadness."}

2024-06-19 14:49:46 Produced message on topic sentences with value of {"sentence": "The lucky comics melts liner."}

2024-06-19 14:49:47 Produced message on topic sentences with value of {"sentence": "The anxious terrorist wastes hospitality."}

2024-06-19 14:49:48 Produced message on topic sentences with value of {"sentence": "The nonchalant contract grinds dryer."}

2024-06-19 14:49:49 Produced message on topic sentences with value of {"sentence": "The watery rally jokes term."}

2024-06-19 14:49:50 Produced message on topic sentences with value of {"sentence": "The concerned anarchy blots rim."}

2024-06-19 14:49:51 Produced message on topic sentences with value of {"sentence": "The puzzled scientist refers identity."}

2024-06-19 14:49:52 Produced message on topic sentences with value of {"sentence": "The swanky typeface flowers ballot."}

2024-06-19 14:49:53 Produced message on topic sentences with value of {"sentence": "The disgusted lipoprotein projects chairman."}

2024-06-19 14:49:54 Produced message on topic sentences with value of {"sentence": "The typical cruise adds basil."}

2024-06-19 14:49:55 Produced message on topic sentences with value of {"sentence": "The hellish slash shrugs underpants."}

2024-06-19 14:49:56 Produced message on topic sentences with value of {"sentence": "The helpful detainee laughs publishing."}

2024-06-19 14:49:57 Produced message on topic sentences with value of {"sentence": "The debonair genius slips lookout."}

2024-06-19 14:49:58 Produced message on topic sentences with value of {"sentence": "The assorted farrow crosses moose."}

2024-06-19 14:49:59 Produced message on topic sentences with value of {"sentence": "The ruddy accent sets underpass."}

2024-06-19 14:50:00 Produced message on topic sentences with value of {"sentence": "The economic chocolate manipulates somebody."}

2024-06-19 14:50:01 Produced message on topic sentences with value of {"sentence": "The stimulating hybridization logs hiring."}

2024-06-19 14:50:02 Produced message on topic sentences with value of {"sentence": "The chilly organizing performs colt."}

2024-06-19 14:50:03 Produced message on topic sentences with value of {"sentence": "The alike tachometer recruits boar."}

2024-06-19 14:50:04 Produced message on topic sentences with value of {"sentence": "The hallowed republic saws vignette."}

2024-06-19 14:50:05 Produced message on topic sentences with value of {"sentence": "The mere equity bumps prisoner."}

2024-06-19 14:50:06 Produced message on topic sentences with value of {"sentence": "The smelly footstool types bar."}

2024-06-19 14:50:07 Produced message on topic sentences with value of {"sentence": "The knotty pimp meddles plough."}

2024-06-19 14:50:08 Produced message on topic sentences with value of {"sentence": "The scrawny being wrestles karate."}

2024-06-19 14:50:10 Produced message on topic sentences with value of {"sentence": "The clumsy theology catches chatter."}

2024-06-19 14:50:11 Produced message on topic sentences with value of {"sentence": "The lethal sucker suffers chainstay."}

2024-06-19 14:50:12 Produced message on topic sentences with value of {"sentence": "The different bacterium kills prostrate."}

2024-06-19 14:50:13 Produced message on topic sentences with value of {"sentence": "The ordinary refuse reviews cicada."}

2024-06-19 14:50:14 Produced message on topic sentences with value of {"sentence": "The incandescent conference notices briefly."}

2024-06-19 14:50:15 Produced message on topic sentences with value of {"sentence": "The versed odyssey meets joke."}

2024-06-19 14:50:16 Produced message on topic sentences with value of {"sentence": "The profuse imagination uses switch."}

2024-06-19 14:50:17 Produced message on topic sentences with value of {"sentence": "The young captain scribbles cursor."}

2024-06-19 14:50:18 Produced message on topic sentences with value of {"sentence": "The open scarf knows tenor."}

2024-06-19 14:50:19 Produced message on topic sentences with value of {"sentence": "The broad cafe jokes brassiere."}

2024-06-19 14:50:20 Produced message on topic sentences with value of {"sentence": "The dark divine drips premier."}

2024-06-19 14:50:21 Produced message on topic sentences with value of {"sentence": "The invincible bulk kepts bill."}

2024-06-19 14:50:22 Produced message on topic sentences with value of {"sentence": "The lying musician winks horse."}

2024-06-19 14:50:23 Produced message on topic sentences with value of {"sentence": "The immense wildebeest wraps lane."}

2024-06-19 14:50:24 Produced message on topic sentences with value of {"sentence": "The giddy regionalism hopes partridge."}

2024-06-19 14:50:25 Produced message on topic sentences with value of {"sentence": "The spectacular acknowledgment relaxes shawl."}

2024-06-19 14:50:26 Produced message on topic sentences with value of {"sentence": "The ubiquitous alert kicks logistics."}

2024-06-19 14:50:27 Produced message on topic sentences with value of {"sentence": "The abaft behalf observes orient."}

2024-06-19 14:50:28 Produced message on topic sentences with value of {"sentence": "The fair use bumps ballot."}

2024-06-19 14:50:29 Produced message on topic sentences with value of {"sentence": "The jazzy bail earns laugh."}

2024-06-19 14:50:30 Produced message on topic sentences with value of {"sentence": "The squalid gearshift kepts hoof."}

2024-06-19 14:50:31 Produced message on topic sentences with value of {"sentence": "The enthusiastic pencil wobbles participant."}

2024-06-19 14:50:32 Produced message on topic sentences with value of {"sentence": "The secretive similarity influences tunic."}

2024-06-19 14:50:33 Produced message on topic sentences with value of {"sentence": "The long tube dances graduate."}

2024-06-19 14:50:34 Produced message on topic sentences with value of {"sentence": "The momentous bowtie competes bronze."}

2024-06-19 14:50:35 Produced message on topic sentences with value of {"sentence": "The staking custom fires harvest."}

2024-06-19 14:50:36 Produced message on topic sentences with value of {"sentence": "The discreet mine transforms brain."}

2024-06-19 14:50:37 Produced message on topic sentences with value of {"sentence": "The kindhearted guest uses parenthesis."}

2024-06-19 14:50:38 Produced message on topic sentences with value of {"sentence": "The hollow odometer extends hovel."}

2024-06-19 14:50:39 Produced message on topic sentences with value of {"sentence": "The funny hurdle prescribes honeybee."}

2024-06-19 14:50:40 Produced message on topic sentences with value of {"sentence": "The erratic infancy refers weasel."}

2024-06-19 14:50:42 Produced message on topic sentences with value of {"sentence": "The permissible formicarium adds hatred."}

2024-06-19 14:50:43 Produced message on topic sentences with value of {"sentence": "The abandoned puffin files disk."}

2024-06-19 14:50:44 Produced message on topic sentences with value of {"sentence": "The jittery buffer strings choosing."}

2024-06-19 14:50:45 Produced message on topic sentences with value of {"sentence": "The bumpy tuber files formicarium."}

2024-06-19 14:50:46 Produced message on topic sentences with value of {"sentence": "The majestic committee strips compulsion."}

2024-06-19 14:50:47 Produced message on topic sentences with value of {"sentence": "The ludicrous idiot slings outback."}

2024-06-19 14:50:48 Produced message on topic sentences with value of {"sentence": "The unable complex switches randomization."}

2024-06-19 14:50:49 Produced message on topic sentences with value of {"sentence": "The daily disconnection reconciles buyer."}

2024-06-19 14:50:50 Produced message on topic sentences with value of {"sentence": "The bawdy radio welcomes jade."}

2024-06-19 14:50:51 Produced message on topic sentences with value of {"sentence": "The hilarious spume satisfies restriction."}

2024-06-19 14:50:52 Produced message on topic sentences with value of {"sentence": "The tough stallion observes plastic."}

2024-06-19 14:50:53 Produced message on topic sentences with value of {"sentence": "The unable seep occurs mocha."}

2024-06-19 14:50:54 Produced message on topic sentences with value of {"sentence": "The accidental diner provides ceiling."}

2024-06-19 14:50:55 Produced message on topic sentences with value of {"sentence": "The inquisitive expression wraps minority."}

2024-06-19 14:50:56 Produced message on topic sentences with value of {"sentence": "The important infix forgets extent."}

2024-06-19 14:50:57 Produced message on topic sentences with value of {"sentence": "The deserted ecology destroys gadget."}

2024-06-19 14:50:58 Produced message on topic sentences with value of {"sentence": "The combative captor bombs round."}

2024-06-19 14:50:59 Produced message on topic sentences with value of {"sentence": "The nervous coal coaches poverty."}

2024-06-19 14:51:00 Produced message on topic sentences with value of {"sentence": "The wry welcome scrubs admire."}

2024-06-19 14:51:01 Produced message on topic sentences with value of {"sentence": "The cultured curler flees spud."}

2024-06-19 14:51:02 Produced message on topic sentences with value of {"sentence": "The animated boy backs popularity."}

2024-06-19 14:51:03 Produced message on topic sentences with value of {"sentence": "The materialistic abbey dramatizes turmeric."}

2024-06-19 14:51:04 Produced message on topic sentences with value of {"sentence": "The psychedelic celebrity adapts astrology."}

2024-06-19 14:51:05 Produced message on topic sentences with value of {"sentence": "The dysfunctional strap splits bandanna."}

2024-06-19 14:51:06 Produced message on topic sentences with value of {"sentence": "The smelly correspondent guesses pancake."}

2024-06-19 14:51:07 Produced message on topic sentences with value of {"sentence": "The rural lipoprotein mates kill."}

2024-06-19 14:51:08 Produced message on topic sentences with value of {"sentence": "The axiomatic fatigues overdos letter."}

2024-06-19 14:51:09 Produced message on topic sentences with value of {"sentence": "The neighborly original hides bite."}

2024-06-19 14:51:10 Produced message on topic sentences with value of {"sentence": "The needy monger analyzes commercial."}

2024-06-19 14:51:11 Produced message on topic sentences with value of {"sentence": "The aloof compass ranks worshiper."}

2024-06-19 14:51:12 Produced message on topic sentences with value of {"sentence": "The ill vignette sends earth."}

2024-06-19 14:51:13 Produced message on topic sentences with value of {"sentence": "The hallowed mechanism splits dysfunction."}

2024-06-19 14:51:14 Produced message on topic sentences with value of {"sentence": "The abaft signal lightens affidavit."}

2024-06-19 14:51:15 Produced message on topic sentences with value of {"sentence": "The gabby lemur bats saloon."}

2024-06-19 14:51:17 Produced message on topic sentences with value of {"sentence": "The cool simple deserts freak."}

2024-06-19 14:51:18 Produced message on topic sentences with value of {"sentence": "The tasteless mansion arises elm."}

2024-06-19 14:51:19 Produced message on topic sentences with value of {"sentence": "The roomy faith unites crush."}

2024-06-19 14:51:20 Produced message on topic sentences with value of {"sentence": "The wrathful nourishment waves local."}

2024-06-19 14:51:21 Produced message on topic sentences with value of {"sentence": "The gorgeous panther cheers mode."}

2024-06-19 14:51:22 Produced message on topic sentences with value of {"sentence": "The swanky determination locates washer."}

2024-06-19 14:51:23 Produced message on topic sentences with value of {"sentence": "The statuesque lookout alights reef."}

2024-06-19 14:51:24 Produced message on topic sentences with value of {"sentence": "The lying step-aunt whispers stripe."}

2024-06-19 14:51:25 Produced message on topic sentences with value of {"sentence": "The shaky palm operates anesthesiology."}

2024-06-19 14:51:26 Produced message on topic sentences with value of {"sentence": "The beautiful loincloth hangs corps."}

2024-06-19 14:51:27 Produced message on topic sentences with value of {"sentence": "The breakable archeology visits accordion."}

2024-06-19 14:51:28 Produced message on topic sentences with value of {"sentence": "The unable taxpayer surrounds asparagus."}

2024-06-19 14:51:29 Produced message on topic sentences with value of {"sentence": "The nonstop pollutant shivers celery."}

2024-06-19 14:51:30 Produced message on topic sentences with value of {"sentence": "The amuck fate contracts dance."}

2024-06-19 14:51:31 Produced message on topic sentences with value of {"sentence": "The oafish phrasing screws pinstripe."}

2024-06-19 14:51:32 Produced message on topic sentences with value of {"sentence": "The defiant monument produces recess."}

2024-06-19 14:51:33 Produced message on topic sentences with value of {"sentence": "The psychotic icon seals inflation."}

2024-06-19 14:51:34 Produced message on topic sentences with value of {"sentence": "The parched eyelid includes barrage."}

2024-06-19 14:51:35 Produced message on topic sentences with value of {"sentence": "The mute suet tips in-laws."}

2024-06-19 14:51:36 Produced message on topic sentences with value of {"sentence": "The taboo soap lights wafer."}

2024-06-19 14:51:37 Produced message on topic sentences with value of {"sentence": "The voiceless jug perceives yourself."}

2024-06-19 14:51:38 Produced message on topic sentences with value of {"sentence": "The uppity cation expedites gesture."}

2024-06-19 14:51:39 Produced message on topic sentences with value of {"sentence": "The spiffy proceedings drinks questionnaire."}

2024-06-19 14:51:40 Produced message on topic sentences with value of {"sentence": "The macho manifestation responds marxism."}

2024-06-19 14:51:41 Produced message on topic sentences with value of {"sentence": "The dysfunctional tatami pleases rock."}

2024-06-19 14:51:42 Produced message on topic sentences with value of {"sentence": "The slippery workhorse wipes rehospitalization."}

2024-06-19 14:51:43 Produced message on topic sentences with value of {"sentence": "The scrawny chow disapproves buddy."}

2024-06-19 14:51:44 Produced message on topic sentences with value of {"sentence": "The poised fashion earns clip."}

2024-06-19 14:51:45 Produced message on topic sentences with value of {"sentence": "The big warmth says researcher."}

2024-06-19 14:51:46 Produced message on topic sentences with value of {"sentence": "The capricious cord sneezes retreat."}

2024-06-19 14:51:47 Produced message on topic sentences with value of {"sentence": "The maddening optimist tires pigeon."}

2024-06-19 14:51:48 Produced message on topic sentences with value of {"sentence": "The foregoing cartilage knits physiology."}

2024-06-19 14:51:49 Produced message on topic sentences with value of {"sentence": "The hissing miss offers terror."}

2024-06-19 14:51:50 Produced message on topic sentences with value of {"sentence": "The roasted molar improves eraser."}

2024-06-19 14:51:51 Produced message on topic sentences with value of {"sentence": "The diligent cartload settles caliber."}

2024-06-19 14:51:52 Produced message on topic sentences with value of {"sentence": "The bumpy bandanna trots disengagement."}

2024-06-19 14:51:53 Produced message on topic sentences with value of {"sentence": "The scary dialogue normalizes furniture."}

2024-06-19 14:51:54 Produced message on topic sentences with value of {"sentence": "The open shawl enacteds revenant."}

2024-06-19 14:51:56 Produced message on topic sentences with value of {"sentence": "The faithful termination rhymes banana."}

2024-06-19 14:51:57 Produced message on topic sentences with value of {"sentence": "The acceptable pate floats concept."}

2024-06-19 14:51:58 Produced message on topic sentences with value of {"sentence": "The fierce respite lists pole."}

2024-06-19 14:51:59 Produced message on topic sentences with value of {"sentence": "The horrible takeover accomplishes crinoline."}

2024-06-19 14:52:00 Produced message on topic sentences with value of {"sentence": "The dead beach smells odometer."}

2024-06-19 14:52:01 Produced message on topic sentences with value of {"sentence": "The quaint intervenor swears guacamole."}

2024-06-19 14:52:02 Produced message on topic sentences with value of {"sentence": "The thoughtful variability vanishes tarragon."}

2024-06-19 14:52:03 Produced message on topic sentences with value of {"sentence": "The condemned redhead conceives shell."}

2024-06-19 14:52:04 Produced message on topic sentences with value of {"sentence": "The dangerous spyglass invents cheese."}

2024-06-19 14:52:05 Produced message on topic sentences with value of {"sentence": "The satisfying common finances hazel."}

2024-06-19 14:52:06 Produced message on topic sentences with value of {"sentence": "The needy twister catalogs arrest."}

2024-06-19 14:52:07 Produced message on topic sentences with value of {"sentence": "The heavenly exasperation cleans warrior."}

2024-06-19 14:52:08 Produced message on topic sentences with value of {"sentence": "The holistic soup lifteds octopus."}

2024-06-19 14:52:09 Produced message on topic sentences with value of {"sentence": "The unadvised facelift begins timeout."}

2024-06-19 14:52:10 Produced message on topic sentences with value of {"sentence": "The defective sunflower snows singular."}

2024-06-19 14:52:11 Produced message on topic sentences with value of {"sentence": "The bawdy dime stands congregation."}

2024-06-19 14:52:12 Produced message on topic sentences with value of {"sentence": "The efficient clover suspends theology."}

2024-06-19 14:52:13 Produced message on topic sentences with value of {"sentence": "The annoying sideburns wriggles mean."}

2024-06-19 14:52:14 Produced message on topic sentences with value of {"sentence": "The staking harmonize invites value."}

2024-06-19 14:52:15 Produced message on topic sentences with value of {"sentence": "The talented thumb approves paperwork."}

2024-06-19 14:52:16 Produced message on topic sentences with value of {"sentence": "The aggressive unibody broadcasts pillow."}

2024-06-19 14:52:17 Produced message on topic sentences with value of {"sentence": "The giddy fascia works shallows."}

2024-06-19 14:52:18 Produced message on topic sentences with value of {"sentence": "The hellish noon exercises sleep."}

2024-06-19 14:52:19 Produced message on topic sentences with value of {"sentence": "The understood predecessor verbalizes desk."}

2024-06-19 14:52:20 Produced message on topic sentences with value of {"sentence": "The wild molar stops macrofauna."}

2024-06-19 14:52:22 Produced message on topic sentences with value of {"sentence": "The wanting ladder offends foreigner."}

2024-06-19 14:52:23 Produced message on topic sentences with value of {"sentence": "The Early sow reproduces universe."}

2024-06-19 14:52:24 Produced message on topic sentences with value of {"sentence": "The late plot attends gator."}

2024-06-19 14:52:25 Produced message on topic sentences with value of {"sentence": "The unsightly building fires pasta."}

2024-06-19 14:52:26 Produced message on topic sentences with value of {"sentence": "The legal sow knocks marble."}

2024-06-19 14:52:27 Produced message on topic sentences with value of {"sentence": "The handsomely cricket owns pea."}

2024-06-19 14:52:28 Produced message on topic sentences with value of {"sentence": "The frail grant delights hake."}

2024-06-19 14:52:29 Produced message on topic sentences with value of {"sentence": "The aware banquette logs mother-in-law."}

2024-06-19 14:52:30 Produced message on topic sentences with value of {"sentence": "The warlike soap covers dish."}

2024-06-19 14:52:31 Produced message on topic sentences with value of {"sentence": "The fluffy transmission refers restaurant."}

2024-06-19 14:52:32 Produced message on topic sentences with value of {"sentence": "The supreme masonry fits brake."}

2024-06-19 14:52:33 Produced message on topic sentences with value of {"sentence": "The faulty cart presses boatload."}

2024-06-19 14:52:34 Produced message on topic sentences with value of {"sentence": "The offbeat weird coaches pantology."}

2024-06-19 14:52:35 Produced message on topic sentences with value of {"sentence": "The fluttering neonate forces viscose."}

2024-06-19 14:52:36 Produced message on topic sentences with value of {"sentence": "The zonked efficacy bolts minor."}

2024-06-19 14:52:37 Produced message on topic sentences with value of {"sentence": "The lethal orient escapes probability."}

2024-06-19 14:52:38 Produced message on topic sentences with value of {"sentence": "The wretched today realizes clock."}

2024-06-19 14:52:39 Produced message on topic sentences with value of {"sentence": "The brief daughter pricks chamber."}

2024-06-19 14:52:40 Produced message on topic sentences with value of {"sentence": "The vulgar trachoma injects laugh."}

2024-06-19 14:52:41 Produced message on topic sentences with value of {"sentence": "The sedate mortality rules vector."}

2024-06-19 14:52:42 Produced message on topic sentences with value of {"sentence": "The instinctive file snores crocus."}

2024-06-19 14:52:43 Produced message on topic sentences with value of {"sentence": "The craven athletics stinks revitalisation."}

2024-06-19 14:52:44 Produced message on topic sentences with value of {"sentence": "The clammy ziggurat steps entrepreneur."}

2024-06-19 14:52:45 Produced message on topic sentences with value of {"sentence": "The sleepy ellipse reduces ringworm."}

2024-06-19 14:52:46 Produced message on topic sentences with value of {"sentence": "The brawny tuition screams mess."}

2024-06-19 14:52:47 Produced message on topic sentences with value of {"sentence": "The eatable crayfish induces coevolution."}

2024-06-19 14:52:48 Produced message on topic sentences with value of {"sentence": "The pointless administration crushes yang."}

2024-06-19 14:52:49 Produced message on topic sentences with value of {"sentence": "The half feature inspires sardine."}

2024-06-19 14:52:50 Produced message on topic sentences with value of {"sentence": "The wild mill wraps bassinet."}

2024-06-19 14:52:51 Produced message on topic sentences with value of {"sentence": "The draconian chili presides limo."}

2024-06-19 14:52:52 Produced message on topic sentences with value of {"sentence": "The wrong pressroom glues unique."}

2024-06-19 14:52:53 Produced message on topic sentences with value of {"sentence": "The humdrum rack flies rye."}

2024-06-19 14:52:54 Produced message on topic sentences with value of {"sentence": "The jumbled canteen computes accident."}

2024-06-19 14:52:56 Produced message on topic sentences with value of {"sentence": "The foregoing spray fails loan."}

2024-06-19 14:52:57 Produced message on topic sentences with value of {"sentence": "The crooked gaffer reconciles mill."}

2024-06-19 14:52:58 Produced message on topic sentences with value of {"sentence": "The pleasant bongo winks core."}

2024-06-19 14:52:59 Produced message on topic sentences with value of {"sentence": "The calm hotel shows walkway."}

2024-06-19 14:53:00 Produced message on topic sentences with value of {"sentence": "The bloody southeast sings reliability."}

2024-06-19 14:53:01 Produced message on topic sentences with value of {"sentence": "The numerous focus queues silkworm."}

2024-06-19 14:53:02 Produced message on topic sentences with value of {"sentence": "The lopsided gymnastics contains most."}

2024-06-19 14:53:03 Produced message on topic sentences with value of {"sentence": "The lopsided heifer seals copyright."}

2024-06-19 14:53:04 Produced message on topic sentences with value of {"sentence": "The ruddy wholesaler means symbol."}

2024-06-19 14:53:05 Produced message on topic sentences with value of {"sentence": "The lewd colleague bids raffle."}

2024-06-19 14:53:06 Produced message on topic sentences with value of {"sentence": "The ethereal lung troubles envelope."}

2024-06-19 14:53:07 Produced message on topic sentences with value of {"sentence": "The annoyed bomb disagrees pyridine."}

2024-06-19 14:53:08 Produced message on topic sentences with value of {"sentence": "The kaput tube reports sigh."}

2024-06-19 14:53:09 Produced message on topic sentences with value of {"sentence": "The adaptable raid invites pay."}

2024-06-19 14:53:10 Produced message on topic sentences with value of {"sentence": "The awful sigh bruises sanction."}

2024-06-19 14:53:11 Produced message on topic sentences with value of {"sentence": "The elegant pier backs colonisation."}

2024-06-19 14:53:12 Produced message on topic sentences with value of {"sentence": "The clumsy philanthropy clarifies entrance."}

2024-06-19 14:53:13 Produced message on topic sentences with value of {"sentence": "The functional treaty teaches shallot."}

2024-06-19 14:53:14 Produced message on topic sentences with value of {"sentence": "The cheerful rain detects evaporation."}

2024-06-19 14:53:15 Produced message on topic sentences with value of {"sentence": "The beautiful poultry mows alphabet."}

2024-06-19 14:53:16 Produced message on topic sentences with value of {"sentence": "The courageous co-producer binds pavilion."}

2024-06-19 14:53:17 Produced message on topic sentences with value of {"sentence": "The poor opportunity complains effectiveness."}

2024-06-19 14:53:18 Produced message on topic sentences with value of {"sentence": "The comfortable patriarch meets aquarium."}

2024-06-19 14:53:19 Produced message on topic sentences with value of {"sentence": "The adventurous afternoon draws weeder."}

2024-06-19 14:53:20 Produced message on topic sentences with value of {"sentence": "The ahead grid listens fibre."}

2024-06-19 14:53:21 Produced message on topic sentences with value of {"sentence": "The zippy mailing chews infection."}

2024-06-19 14:53:22 Produced message on topic sentences with value of {"sentence": "The discreet vellum sits lyre."}

2024-06-19 14:53:23 Produced message on topic sentences with value of {"sentence": "The great cancer clips banker."}

2024-06-19 14:53:24 Produced message on topic sentences with value of {"sentence": "The crooked snowmobiling bares gumshoe."}

2024-06-19 14:53:25 Produced message on topic sentences with value of {"sentence": "The thoughtless worker types downgrade."}

2024-06-19 14:53:26 Produced message on topic sentences with value of {"sentence": "The relieved end marches pumpkinseed."}

2024-06-19 14:53:28 Produced message on topic sentences with value of {"sentence": "The acoustic fork impresses encirclement."}

2024-06-19 14:53:29 Produced message on topic sentences with value of {"sentence": "The rampant parallelogram curves elf."}

2024-06-19 14:53:30 Produced message on topic sentences with value of {"sentence": "The fluttering stepmother squashes collaboration."}

2024-06-19 14:53:31 Produced message on topic sentences with value of {"sentence": "The ragged bowl separates trap."}

2024-06-19 14:53:32 Produced message on topic sentences with value of {"sentence": "The encouraging curl sucks procedure."}

2024-06-19 14:53:33 Produced message on topic sentences with value of {"sentence": "The coherent land wends bake."}

2024-06-19 14:53:34 Produced message on topic sentences with value of {"sentence": "The brainy drummer undertakes bratwurst."}

2024-06-19 14:53:35 Produced message on topic sentences with value of {"sentence": "The mundane independent tells turf."}

2024-06-19 14:53:36 Produced message on topic sentences with value of {"sentence": "The kind broad lifteds spectacle."}

2024-06-19 14:53:37 Produced message on topic sentences with value of {"sentence": "The vengeful veal films seafood."}

2024-06-19 14:53:38 Produced message on topic sentences with value of {"sentence": "The fearless enemy charts embossing."}

2024-06-19 14:53:39 Produced message on topic sentences with value of {"sentence": "The obsequious soup builds spruce."}

2024-06-19 14:53:40 Produced message on topic sentences with value of {"sentence": "The festive slime boils armament."}

2024-06-19 14:53:41 Produced message on topic sentences with value of {"sentence": "The bored description locks buddy."}

2024-06-19 14:53:42 Produced message on topic sentences with value of {"sentence": "The loutish spark brushes poncho."}

2024-06-19 14:53:43 Produced message on topic sentences with value of {"sentence": "The mature thumb behaves typewriter."}

2024-06-19 14:53:44 Produced message on topic sentences with value of {"sentence": "The loving derrick swims legging."}

2024-06-19 14:53:45 Produced message on topic sentences with value of {"sentence": "The possessive therapy distributes suite."}

2024-06-19 14:53:46 Produced message on topic sentences with value of {"sentence": "The strange scholar itches rocker."}

2024-06-19 14:53:47 Produced message on topic sentences with value of {"sentence": "The wrathful kettledrum supervises hose."}

2024-06-19 14:53:48 Produced message on topic sentences with value of {"sentence": "The educated weekend waits origin."}

2024-06-19 14:53:49 Produced message on topic sentences with value of {"sentence": "The cagey wrap implements stroke."}

2024-06-19 14:53:50 Produced message on topic sentences with value of {"sentence": "The jumbled river agrees server."}

2024-06-19 14:53:51 Produced message on topic sentences with value of {"sentence": "The half computer springs settler."}

2024-06-19 14:53:52 Produced message on topic sentences with value of {"sentence": "The humorous retouching knots collectivization."}

2024-06-19 14:53:53 Produced message on topic sentences with value of {"sentence": "The wanting worshiper murders plenty."}

2024-06-19 14:53:54 Produced message on topic sentences with value of {"sentence": "The enthusiastic oeuvre thrusts tankful."}

2024-06-19 14:53:55 Produced message on topic sentences with value of {"sentence": "The truculent gold applauds jalape\u00f1o."}

2024-06-19 14:53:56 Produced message on topic sentences with value of {"sentence": "The graceful strawberry removes quinoa."}

2024-06-19 14:53:57 Produced message on topic sentences with value of {"sentence": "The ethereal ride reigns inflammation."}

2024-06-19 14:53:58 Produced message on topic sentences with value of {"sentence": "The hysterical differential drums providence."}

2024-06-19 14:53:59 Produced message on topic sentences with value of {"sentence": "The nasty bond peeps papa."}

2024-06-19 14:54:00 Produced message on topic sentences with value of {"sentence": "The blue-eyed disparity launches angina."}

2024-06-19 14:54:01 Produced message on topic sentences with value of {"sentence": "The excited regard knows certificate."}

2024-06-19 14:54:03 Produced message on topic sentences with value of {"sentence": "The languid racer transfers back-up."}

2024-06-19 14:54:04 Produced message on topic sentences with value of {"sentence": "The ambitious bass stitches administrator."}

2024-06-19 14:54:05 Produced message on topic sentences with value of {"sentence": "The brawny diaphragm conceptualizes generator."}

2024-06-19 14:54:06 Produced message on topic sentences with value of {"sentence": "The rapid harp searches toffee."}

2024-06-19 14:54:07 Produced message on topic sentences with value of {"sentence": "The equable oat evaluates production."}

2024-06-19 14:54:08 Produced message on topic sentences with value of {"sentence": "The animated shock enhances propane."}

2024-06-19 14:54:09 Produced message on topic sentences with value of {"sentence": "The low cooperation draws box."}

2024-06-19 14:54:10 Produced message on topic sentences with value of {"sentence": "The lean ziggurat summarizes buffer."}

2024-06-19 14:54:11 Produced message on topic sentences with value of {"sentence": "The tiresome registry buys surplus."}

2024-06-19 14:54:12 Produced message on topic sentences with value of {"sentence": "The spiffy military withstands gambling."}

2024-06-19 14:54:13 Produced message on topic sentences with value of {"sentence": "The childlike shackle moors flare."}

2024-06-19 14:54:14 Produced message on topic sentences with value of {"sentence": "The combative pannier upgrades servitude."}

2024-06-19 14:54:15 Produced message on topic sentences with value of {"sentence": "The nostalgic diner sails riddle."}

2024-06-19 14:54:16 Produced message on topic sentences with value of {"sentence": "The sloppy rhyme rises resolve."}

2024-06-19 14:54:17 Produced message on topic sentences with value of {"sentence": "The thoughtless computer licks offense."}

2024-06-19 14:54:18 Produced message on topic sentences with value of {"sentence": "The cloudy birdbath untidies paperwork."}

2024-06-19 14:54:19 Produced message on topic sentences with value of {"sentence": "The swift haircut conceptualizes compass."}

2024-06-19 14:54:20 Produced message on topic sentences with value of {"sentence": "The sincere proliferation settles shootdown."}

2024-06-19 14:54:21 Produced message on topic sentences with value of {"sentence": "The heavy professor moors conspiracy."}

2024-06-19 14:54:22 Produced message on topic sentences with value of {"sentence": "The stimulating tug appreciates linkage."}

2024-06-19 14:54:23 Produced message on topic sentences with value of {"sentence": "The dapper duckling floats clipper."}

2024-06-19 14:54:24 Produced message on topic sentences with value of {"sentence": "The fascinated dipstick looks plume."}

2024-06-19 14:54:25 Produced message on topic sentences with value of {"sentence": "The telling embellishment spoils freelance."}

2024-06-19 14:54:26 Produced message on topic sentences with value of {"sentence": "The supreme whirlwind shops moody."}

2024-06-19 14:54:27 Produced message on topic sentences with value of {"sentence": "The garrulous exclamation negotiates thump."}

2024-06-19 14:54:28 Produced message on topic sentences with value of {"sentence": "The innate jade upsets casement."}

2024-06-19 14:54:29 Produced message on topic sentences with value of {"sentence": "The callous soccer hates erosion."}

2024-06-19 14:54:30 Produced message on topic sentences with value of {"sentence": "The overrated bankbook drags amber."}

2024-06-19 14:54:31 Produced message on topic sentences with value of {"sentence": "The tawdry gran details atmosphere."}

2024-06-19 14:54:32 Produced message on topic sentences with value of {"sentence": "The synonymous octet represents truth."}

2024-06-19 14:54:33 Produced message on topic sentences with value of {"sentence": "The fretful trove needs permission."}

2024-06-19 14:54:35 Produced message on topic sentences with value of {"sentence": "The noiseless zipper sucks index."}

2024-06-19 14:54:36 Produced message on topic sentences with value of {"sentence": "The shocking roll orienteds azimuth."}

2024-06-19 14:54:37 Produced message on topic sentences with value of {"sentence": "The loutish premier reminds mailman."}

2024-06-19 14:54:38 Produced message on topic sentences with value of {"sentence": "The guttural leaf colors cytokine."}

2024-06-19 14:54:39 Produced message on topic sentences with value of {"sentence": "The wanting society transforms tamale."}

2024-06-19 14:54:40 Produced message on topic sentences with value of {"sentence": "The toothsome homeland depends larva."}

2024-06-19 14:54:41 Produced message on topic sentences with value of {"sentence": "The elated spine works arrangement."}

2024-06-19 14:54:42 Produced message on topic sentences with value of {"sentence": "The uneven quest programs waterwheel."}

2024-06-19 14:54:43 Produced message on topic sentences with value of {"sentence": "The gifted furniture burns retrospectivity."}

2024-06-19 14:54:44 Produced message on topic sentences with value of {"sentence": "The overconfident drawing marks leveret."}

2024-06-19 14:54:45 Produced message on topic sentences with value of {"sentence": "The broken prostrate disagrees attainment."}

2024-06-19 14:54:46 Produced message on topic sentences with value of {"sentence": "The damaging cappelletti interprets toy."}

2024-06-19 14:54:47 Produced message on topic sentences with value of {"sentence": "The vivacious investigation wobbles face."}

2024-06-19 14:54:48 Produced message on topic sentences with value of {"sentence": "The satisfying placode attaches larva."}

2024-06-19 14:54:49 Produced message on topic sentences with value of {"sentence": "The grumpy anklet systemizes gender."}

2024-06-19 14:54:50 Produced message on topic sentences with value of {"sentence": "The powerful topsail forbids detail."}

2024-06-19 14:54:51 Produced message on topic sentences with value of {"sentence": "The flippant award greases spy."}

2024-06-19 14:54:52 Produced message on topic sentences with value of {"sentence": "The cooing root permits precedent."}

2024-06-19 14:54:53 Produced message on topic sentences with value of {"sentence": "The plausible lot ensures necessity."}

2024-06-19 14:54:54 Produced message on topic sentences with value of {"sentence": "The bawdy cradle fancies notepad."}

2024-06-19 14:54:55 Produced message on topic sentences with value of {"sentence": "The nauseating floodplain itches hatbox."}

2024-06-19 14:54:56 Produced message on topic sentences with value of {"sentence": "The eager presence nests destination."}

2024-06-19 14:54:57 Produced message on topic sentences with value of {"sentence": "The equable skin vexes spell."}

2024-06-19 14:54:58 Produced message on topic sentences with value of {"sentence": "The wholesale fingerling picks jackfruit."}

2024-06-19 14:54:59 Produced message on topic sentences with value of {"sentence": "The proud ethnicity empties dot."}

2024-06-19 14:55:00 Produced message on topic sentences with value of {"sentence": "The vivacious direction finances solitaire."}

2024-06-19 14:55:01 Produced message on topic sentences with value of {"sentence": "The ignorant rip sits alpha."}

2024-06-19 14:55:02 Produced message on topic sentences with value of {"sentence": "The victorious reliability drops prompt."}

